<?xml version="1.0" encoding="UTF-8"?>
<!-- Generated by org.testng.reporters.JUnitReportReporter -->
<testsuite hostname="DESKTOP-F52EDBA" failures="0" tests="1" name="testNGImplementation.CreateOrganizationTest" time="19.920" errors="0" timestamp="28 Nov 2022 12:58:02 GMT">
  <testcase classname="testNGImplementation.CreateOrganizationTest" name="createOrganizationTest" time="19.920"/>
</testsuite> <!-- testNGImplementation.CreateOrganizationTest -->
