<?xml version="1.0" encoding="UTF-8"?>
<!-- Generated by org.testng.reporters.JUnitReportReporter -->
<testsuite hostname="DESKTOP-F52EDBA" failures="0" tests="1" name="testNGImplementation.CreateContactTest" time="38.622" errors="0" timestamp="29 Nov 2022 12:25:50 GMT">
  <testcase classname="testNGImplementation.CreateContactTest" name="createContactTest" time="38.622"/>
</testsuite> <!-- testNGImplementation.CreateContactTest -->
