<?xml version="1.0" encoding="UTF-8"?>
<!-- Generated by org.testng.reporters.JUnitReportReporter -->
<testsuite hostname="DESKTOP-F52EDBA" failures="0" tests="1" name="testNGImplementation.CreateOrganizationTest" time="35.506" errors="0" timestamp="2022-11-30T18:07:17 IST" skipped="0">
  <testcase classname="testNGImplementation.CreateOrganizationTest" name="createOrganizationTest" time="35.506"/>
  <system-out/>
</testsuite> <!-- testNGImplementation.CreateOrganizationTest -->
